TN:
SF:/home/labber/lighthouse/scheduler/src/components/Application.js
FN:16,Application
FN:27,(anonymous_1)
FNF:2
FNH:2
FNDA:12,Application
FNDA:16,(anonymous_1)
DA:22,12
DA:24,12
DA:26,12
DA:28,16
DA:41,12
LF:5
LH:5
BRF:0
BRH:0
end_of_record
TN:
SF:/home/labber/lighthouse/scheduler/src/components/Button.js
FN:7,Button
FNF:1
FNH:1
FNDA:37,Button
DA:8,37
DA:13,37
LF:2
LH:2
BRF:0
BRH:0
end_of_record
TN:
SF:/home/labber/lighthouse/scheduler/src/components/DayList.js
FN:5,DayList
FN:6,(anonymous_1)
FNF:2
FNH:2
FNDA:12,DayList
FNDA:16,(anonymous_1)
DA:6,12
DA:7,16
DA:18,12
LF:3
LH:3
BRF:0
BRH:0
end_of_record
TN:
SF:/home/labber/lighthouse/scheduler/src/components/DayListItem.js
FN:6,formatSpots
FN:13,DayListItem
FN:22,(anonymous_2)
FNF:3
FNH:3
FNDA:18,formatSpots
FNDA:18,DayListItem
FNDA:2,(anonymous_2)
DA:7,18
DA:8,17
DA:10,3
DA:14,18
DA:19,18
DA:22,2
LF:6
LH:6
BRDA:7,0,0,1
BRDA:7,0,1,17
BRDA:8,1,0,14
BRDA:8,1,1,3
BRF:4
BRH:4
end_of_record
TN:
SF:/home/labber/lighthouse/scheduler/src/components/InterviewerList.js
FN:8,InterviewerList
FN:9,(anonymous_1)
FN:17,(anonymous_2)
FNF:3
FNH:3
FNDA:17,InterviewerList
FNDA:23,(anonymous_1)
FNDA:2,(anonymous_2)
DA:9,17
DA:10,23
DA:17,2
DA:22,17
DA:30,3
LF:5
LH:5
BRF:0
BRH:0
end_of_record
TN:
SF:/home/labber/lighthouse/scheduler/src/components/InterviewerListItem.js
FN:6,InterviewerItem
FNF:1
FNH:1
FNDA:23,InterviewerItem
DA:7,23
DA:11,23
LF:2
LH:2
BRDA:18,0,0,23
BRDA:18,0,1,8
BRF:2
BRH:2
end_of_record
TN:
SF:/home/labber/lighthouse/scheduler/src/components/Appointment/Confirm.js
FN:5,Confirm
FNF:1
FNH:1
FNDA:1,Confirm
DA:6,1
LF:1
LH:1
BRF:0
BRH:0
end_of_record
TN:
SF:/home/labber/lighthouse/scheduler/src/components/Appointment/Empty.js
FN:3,Empty
FNF:1
FNH:1
FNDA:21,Empty
DA:4,21
LF:1
LH:1
BRF:0
BRH:0
end_of_record
TN:
SF:/home/labber/lighthouse/scheduler/src/components/Appointment/Error.js
FN:3,Error
FNF:1
FNH:0
FNDA:0,Error
DA:4,0
LF:1
LH:0
BRF:0
BRH:0
end_of_record
TN:
SF:/home/labber/lighthouse/scheduler/src/components/Appointment/Form.js
FN:5,Form
FN:10,reset
FN:16,cancel
FN:20,validate
FN:47,(anonymous_4)
FN:54,(anonymous_5)
FNF:6
FNH:5
FNDA:17,Form
FNDA:1,reset
FNDA:1,cancel
FNDA:6,validate
FNDA:0,(anonymous_4)
FNDA:4,(anonymous_5)
DA:6,17
DA:7,17
DA:8,17
DA:11,1
DA:12,1
DA:13,1
DA:17,1
DA:18,1
DA:21,6
DA:22,2
DA:23,2
DA:26,4
DA:27,4
DA:44,17
DA:47,0
DA:55,4
LF:16
LH:15
BRDA:6,0,0,17
BRDA:6,0,1,10
BRDA:7,1,0,17
BRDA:7,1,1,10
BRDA:21,2,0,2
BRDA:21,2,1,4
BRF:6
BRH:6
end_of_record
TN:
SF:/home/labber/lighthouse/scheduler/src/components/Appointment/Header.js
FN:3,Header
FNF:1
FNH:1
FNDA:38,Header
DA:4,38
LF:1
LH:1
BRF:0
BRH:0
end_of_record
TN:
SF:/home/labber/lighthouse/scheduler/src/components/Appointment/Show.js
FN:3,Show
FNF:1
FNH:1
FNDA:8,Show
DA:4,8
LF:1
LH:1
BRDA:11,0,0,8
BRDA:11,0,1,8
BRF:2
BRH:2
end_of_record
TN:
SF:/home/labber/lighthouse/scheduler/src/components/Appointment/Status.js
FN:3,Status
FNF:1
FNH:1
FNDA:6,Status
DA:4,6
LF:1
LH:1
BRF:0
BRH:0
end_of_record
TN:
SF:/home/labber/lighthouse/scheduler/src/components/Appointment/index.js
FN:25,Appointment
FN:34,save
FN:44,(anonymous_2)
FN:45,(anonymous_3)
FN:48,destroy
FN:52,(anonymous_5)
FN:53,(anonymous_6)
FN:59,(anonymous_7)
FN:63,(anonymous_8)
FN:64,(anonymous_9)
FNF:10
FNH:8
FNDA:38,Appointment
FNDA:2,save
FNDA:2,(anonymous_2)
FNDA:0,(anonymous_3)
FNDA:1,destroy
FNDA:1,(anonymous_5)
FNDA:0,(anonymous_6)
FNDA:1,(anonymous_7)
FNDA:1,(anonymous_8)
FNDA:1,(anonymous_9)
DA:15,2
DA:16,2
DA:17,2
DA:18,2
DA:19,2
DA:20,2
DA:21,2
DA:22,2
DA:23,2
DA:28,38
DA:31,38
DA:35,2
DA:40,2
DA:42,2
DA:44,2
DA:45,0
DA:49,1
DA:50,1
DA:52,1
DA:53,0
DA:55,38
DA:59,1
DA:63,1
DA:64,1
LF:24
LH:22
BRDA:31,0,0,14
BRDA:31,0,1,24
BRDA:59,1,0,38
BRDA:59,1,1,21
BRDA:60,2,0,38
BRDA:60,2,1,8
BRDA:67,3,0,38
BRDA:67,3,1,1
BRDA:70,4,0,38
BRDA:70,4,1,1
BRDA:79,5,0,38
BRDA:79,5,1,4
BRDA:80,6,0,38
BRDA:80,6,1,2
BRDA:81,7,0,38
BRDA:81,7,1,1
BRDA:88,8,0,38
BRDA:88,8,1,0
BRDA:91,9,0,38
BRDA:91,9,1,0
BRF:20
BRH:18
end_of_record
TN:
SF:/home/labber/lighthouse/scheduler/src/helpers/selectors.js
FN:1,getAppointmentsForDay
FN:2,(anonymous_1)
FN:6,(anonymous_2)
FN:9,getInterviewersForDay
FN:10,(anonymous_4)
FN:14,(anonymous_5)
FN:17,getInterview
FNF:7
FNH:7
FNDA:17,getAppointmentsForDay
FNDA:15,(anonymous_1)
FNDA:24,(anonymous_2)
FNDA:17,getInterviewersForDay
FNDA:15,(anonymous_4)
FNDA:22,(anonymous_5)
FNDA:18,getInterview
DA:2,17
DA:4,17
DA:6,24
DA:10,17
DA:12,17
DA:14,22
DA:18,18
LF:7
LH:7
BRDA:4,0,0,6
BRDA:4,0,1,11
BRDA:4,1,0,17
BRDA:4,1,1,12
BRDA:12,2,0,6
BRDA:12,2,1,11
BRDA:12,3,0,17
BRDA:12,3,1,12
BRDA:19,4,0,18
BRDA:19,4,1,9
BRF:10
BRH:10
end_of_record
TN:
SF:/home/labber/lighthouse/scheduler/src/hooks/useApplicationData.js
FN:14,useApplicationData
FN:22,(anonymous_1)
FN:24,(anonymous_2)
FN:30,(anonymous_3)
FN:42,bookInterview
FN:43,(anonymous_5)
FN:52,cancelInterview
FN:53,(anonymous_7)
FNF:8
FNH:8
FNDA:12,useApplicationData
FNDA:1,(anonymous_1)
FNDA:4,(anonymous_2)
FNDA:4,(anonymous_3)
FNDA:2,bookInterview
FNDA:2,(anonymous_5)
FNDA:1,cancelInterview
FNDA:1,(anonymous_7)
DA:15,12
DA:22,12
DA:24,12
DA:25,4
DA:31,4
DA:40,12
DA:43,2
DA:44,2
DA:53,1
DA:54,1
DA:62,12
LF:11
LH:11
BRF:0
BRH:0
end_of_record
TN:
SF:/home/labber/lighthouse/scheduler/src/hooks/useRealtimeUpdate.js
FN:4,useRealtimeUpdate
FN:5,(anonymous_1)
FN:8,(anonymous_2)
FN:16,(anonymous_3)
FNF:4
FNH:3
FNDA:12,useRealtimeUpdate
FNDA:4,(anonymous_1)
FNDA:0,(anonymous_2)
FNDA:4,(anonymous_3)
DA:5,12
DA:6,4
DA:8,4
DA:9,0
DA:11,0
DA:12,0
DA:16,4
DA:17,4
LF:8
LH:5
BRDA:11,0,0,0
BRDA:11,0,1,0
BRDA:11,1,0,0
BRDA:11,1,1,0
BRF:4
BRH:0
end_of_record
TN:
SF:/home/labber/lighthouse/scheduler/src/hooks/useVisualMode.js
FN:3,useVisualMode
FN:6,(anonymous_1)
FN:9,(anonymous_2)
FN:12,(anonymous_3)
FN:15,back
FN:16,(anonymous_5)
FNF:6
FNH:6
FNDA:42,useVisualMode
FNDA:11,(anonymous_1)
FNDA:2,(anonymous_2)
FNDA:9,(anonymous_3)
FNDA:1,back
FNDA:1,(anonymous_5)
DA:4,42
DA:6,42
DA:7,11
DA:9,2
DA:12,9
DA:16,1
DA:19,42
LF:7
LH:7
BRDA:6,0,0,9
BRDA:7,1,0,2
BRDA:7,1,1,9
BRF:3
BRH:3
end_of_record
TN:
SF:/home/labber/lighthouse/scheduler/src/reducers/application.js
FN:5,reducer
FN:27,(anonymous_1)
FN:30,(anonymous_2)
FN:34,(anonymous_3)
FNF:4
FNH:4
FNDA:9,reducer
FNDA:3,(anonymous_1)
FNDA:6,(anonymous_2)
FNDA:6,(anonymous_3)
DA:1,2
DA:2,2
DA:3,2
DA:6,9
DA:8,1
DA:10,4
DA:17,3
DA:22,3
DA:27,3
DA:28,3
DA:30,6
DA:34,3
DA:35,6
DA:43,3
DA:50,1
LF:15
LH:15
BRDA:6,0,0,1
BRDA:6,0,1,4
BRDA:6,0,2,3
BRDA:6,0,3,1
BRDA:19,1,0,3
BRDA:19,1,1,2
BRDA:30,2,0,3
BRDA:30,2,1,3
BRDA:35,3,0,3
BRDA:35,3,1,3
BRF:10
BRH:10
end_of_record
